<?xml version="1.0" encoding="UTF-8"?>
<testng-results ignored="0" total="1" passed="1" failed="0" skipped="0">
  <reporter-output>
  </reporter-output>
  <suite started-at="2023-07-04T11:02:19 IST" name="Default suite" finished-at="2023-07-04T11:02:36 IST" duration-ms="16573">
    <groups>
    </groups>
    <test started-at="2023-07-04T11:02:19 IST" name="Default test" finished-at="2023-07-04T11:02:36 IST" duration-ms="16573">
      <class name="com.Denalli.testcase.VerifyCreatedOrganisationTest">
        <test-method signature="testCase4()[pri:0, instance:com.Denalli.testcase.VerifyCreatedOrganisationTest@29d89d5d]" started-at="2023-07-04T11:02:19 IST" name="testCase4" finished-at="2023-07-04T11:02:36 IST" duration-ms="16509" status="PASS">
          <reporter-output>
          </reporter-output>
        </test-method> <!-- testCase4 -->
      </class> <!-- com.Denalli.testcase.VerifyCreatedOrganisationTest -->
    </test> <!-- Default test -->
  </suite> <!-- Default suite -->
</testng-results>
